<?xml version="1.0" encoding="UTF-8"?>
<!-- Generated by org.testng.reporters.JUnitXMLReporter -->
<testsuite hostname="Hemasundar" name="Test2" tests="1" failures="1" timestamp="20 Apr 2015 10:53:45 GMT" time="5453.349" errors="0">
  <testcase name="Execution" time="5452.011" classname="com.tribune.uiautomation.testscripts.TestEngine">
    <failure type="java.lang.AssertionError" message="expected [false] but found [true]">
      <![CDATA[java.lang.AssertionError: expected [false] but found [true]
	at com.tribune.uiautomation.testscripts.TestEngine.Execution(TestEngine.java:404)
	at java.util.concurrent.FutureTask.run(Unknown Source)
	at java.util.concurrent.ThreadPoolExecutor.runWorker(Unknown Source)
	at java.util.concurrent.ThreadPoolExecutor$Worker.run(Unknown Source)
	at java.lang.Thread.run(Unknown Source)
... Removed 20 stack frames]]>
    </failure>
  </testcase> <!-- Execution -->
</testsuite> <!-- Test2 -->
